E:\硕士研究论文文献\动态三维测量\3\3\3\DEBUG\3.EXE.EMBED.MANIFEST
E:\硕士研究论文文献\动态三维测量\3\3\3\DEBUG\3.EXE.EMBED.MANIFEST.RES
E:\硕士研究论文文献\动态三维测量\3\3\3\DEBUG\3.EXE.INTERMEDIATE.MANIFEST
E:\硕士研究论文文献\动态三维测量\3\3\3\Debug\3.vcxprojResolveAssemblyReference.cache
E:\硕士研究论文文献\动态三维测量\3\3\3\Debug\3.write.1.tlog
E:\硕士研究论文文献\动态三维测量\3\3\3\Debug\3_manifest.rc
E:\硕士研究论文文献\动态三维测量\3\3\3\Debug\cl.command.1.tlog
E:\硕士研究论文文献\动态三维测量\3\3\3\Debug\CL.read.1.tlog
E:\硕士研究论文文献\动态三维测量\3\3\3\Debug\CL.write.1.tlog
E:\硕士研究论文文献\动态三维测量\3\3\3\Debug\link.1800.read.1.tlog
E:\硕士研究论文文献\动态三维测量\3\3\3\Debug\link.1800.write.1.tlog
E:\硕士研究论文文献\动态三维测量\3\3\3\Debug\link.1800-cvtres.read.1.tlog
E:\硕士研究论文文献\动态三维测量\3\3\3\Debug\link.1800-cvtres.write.1.tlog
E:\硕士研究论文文献\动态三维测量\3\3\3\Debug\link.2212.read.1.tlog
E:\硕士研究论文文献\动态三维测量\3\3\3\Debug\link.2212.write.1.tlog
E:\硕士研究论文文献\动态三维测量\3\3\3\Debug\link.2212-cvtres.read.1.tlog
E:\硕士研究论文文献\动态三维测量\3\3\3\Debug\link.2212-cvtres.write.1.tlog
E:\硕士研究论文文献\动态三维测量\3\3\3\Debug\link.3164.read.1.tlog
E:\硕士研究论文文献\动态三维测量\3\3\3\Debug\link.3164.write.1.tlog
E:\硕士研究论文文献\动态三维测量\3\3\3\Debug\link.3164-cvtres.read.1.tlog
E:\硕士研究论文文献\动态三维测量\3\3\3\Debug\link.3164-cvtres.write.1.tlog
E:\硕士研究论文文献\动态三维测量\3\3\3\Debug\link.3872.read.1.tlog
E:\硕士研究论文文献\动态三维测量\3\3\3\Debug\link.3872.write.1.tlog
E:\硕士研究论文文献\动态三维测量\3\3\3\Debug\link.3872-cvtres.read.1.tlog
E:\硕士研究论文文献\动态三维测量\3\3\3\Debug\link.3872-cvtres.write.1.tlog
E:\硕士研究论文文献\动态三维测量\3\3\3\Debug\link.4472.read.1.tlog
E:\硕士研究论文文献\动态三维测量\3\3\3\Debug\link.4472.write.1.tlog
E:\硕士研究论文文献\动态三维测量\3\3\3\Debug\link.4472-cvtres.read.1.tlog
E:\硕士研究论文文献\动态三维测量\3\3\3\Debug\link.4472-cvtres.write.1.tlog
E:\硕士研究论文文献\动态三维测量\3\3\3\Debug\link.4648.read.1.tlog
E:\硕士研究论文文献\动态三维测量\3\3\3\Debug\link.4648.write.1.tlog
E:\硕士研究论文文献\动态三维测量\3\3\3\Debug\link.4648-cvtres.read.1.tlog
E:\硕士研究论文文献\动态三维测量\3\3\3\Debug\link.4648-cvtres.write.1.tlog
E:\硕士研究论文文献\动态三维测量\3\3\3\Debug\link.4916.read.1.tlog
E:\硕士研究论文文献\动态三维测量\3\3\3\Debug\link.4916.write.1.tlog
E:\硕士研究论文文献\动态三维测量\3\3\3\Debug\link.4916-cvtres.read.1.tlog
E:\硕士研究论文文献\动态三维测量\3\3\3\Debug\link.4916-cvtres.write.1.tlog
E:\硕士研究论文文献\动态三维测量\3\3\3\Debug\link.5340.read.1.tlog
E:\硕士研究论文文献\动态三维测量\3\3\3\Debug\link.5340.write.1.tlog
E:\硕士研究论文文献\动态三维测量\3\3\3\Debug\link.5340-cvtres.read.1.tlog
E:\硕士研究论文文献\动态三维测量\3\3\3\Debug\link.5340-cvtres.write.1.tlog
E:\硕士研究论文文献\动态三维测量\3\3\3\Debug\link.5488.read.1.tlog
E:\硕士研究论文文献\动态三维测量\3\3\3\Debug\link.5488.write.1.tlog
E:\硕士研究论文文献\动态三维测量\3\3\3\Debug\link.5488-cvtres.read.1.tlog
E:\硕士研究论文文献\动态三维测量\3\3\3\Debug\link.5488-cvtres.write.1.tlog
E:\硕士研究论文文献\动态三维测量\3\3\3\Debug\link.5552.read.1.tlog
E:\硕士研究论文文献\动态三维测量\3\3\3\Debug\link.5552.write.1.tlog
E:\硕士研究论文文献\动态三维测量\3\3\3\Debug\link.5552-cvtres.read.1.tlog
E:\硕士研究论文文献\动态三维测量\3\3\3\Debug\link.5552-cvtres.write.1.tlog
E:\硕士研究论文文献\动态三维测量\3\3\3\Debug\link.5696.read.1.tlog
E:\硕士研究论文文献\动态三维测量\3\3\3\Debug\link.5696.write.1.tlog
E:\硕士研究论文文献\动态三维测量\3\3\3\Debug\link.5696-cvtres.read.1.tlog
E:\硕士研究论文文献\动态三维测量\3\3\3\Debug\link.5696-cvtres.write.1.tlog
E:\硕士研究论文文献\动态三维测量\3\3\3\Debug\link.5708.read.1.tlog
E:\硕士研究论文文献\动态三维测量\3\3\3\Debug\link.5708.write.1.tlog
E:\硕士研究论文文献\动态三维测量\3\3\3\Debug\link.5708-cvtres.read.1.tlog
E:\硕士研究论文文献\动态三维测量\3\3\3\Debug\link.5708-cvtres.write.1.tlog
E:\硕士研究论文文献\动态三维测量\3\3\3\Debug\link.5932.read.1.tlog
E:\硕士研究论文文献\动态三维测量\3\3\3\Debug\link.5932.write.1.tlog
E:\硕士研究论文文献\动态三维测量\3\3\3\Debug\link.5932-cvtres.read.1.tlog
E:\硕士研究论文文献\动态三维测量\3\3\3\Debug\link.5932-cvtres.write.1.tlog
E:\硕士研究论文文献\动态三维测量\3\3\3\Debug\link.6020.read.1.tlog
E:\硕士研究论文文献\动态三维测量\3\3\3\Debug\link.6020.write.1.tlog
E:\硕士研究论文文献\动态三维测量\3\3\3\Debug\link.6020-cvtres.read.1.tlog
E:\硕士研究论文文献\动态三维测量\3\3\3\Debug\link.6020-cvtres.write.1.tlog
E:\硕士研究论文文献\动态三维测量\3\3\3\Debug\link.6580.read.1.tlog
E:\硕士研究论文文献\动态三维测量\3\3\3\Debug\link.6580.write.1.tlog
E:\硕士研究论文文献\动态三维测量\3\3\3\Debug\link.6580-cvtres.read.1.tlog
E:\硕士研究论文文献\动态三维测量\3\3\3\Debug\link.6580-cvtres.write.1.tlog
E:\硕士研究论文文献\动态三维测量\3\3\3\Debug\link.7188.read.1.tlog
E:\硕士研究论文文献\动态三维测量\3\3\3\Debug\link.7188.write.1.tlog
E:\硕士研究论文文献\动态三维测量\3\3\3\Debug\link.7188-cvtres.read.1.tlog
E:\硕士研究论文文献\动态三维测量\3\3\3\Debug\link.7188-cvtres.write.1.tlog
E:\硕士研究论文文献\动态三维测量\3\3\3\Debug\link.7312.read.1.tlog
E:\硕士研究论文文献\动态三维测量\3\3\3\Debug\link.7312.write.1.tlog
E:\硕士研究论文文献\动态三维测量\3\3\3\Debug\link.7312-cvtres.read.1.tlog
E:\硕士研究论文文献\动态三维测量\3\3\3\Debug\link.7312-cvtres.write.1.tlog
E:\硕士研究论文文献\动态三维测量\3\3\3\Debug\link.7476.read.1.tlog
E:\硕士研究论文文献\动态三维测量\3\3\3\Debug\link.7476.write.1.tlog
E:\硕士研究论文文献\动态三维测量\3\3\3\Debug\link.7476-cvtres.read.1.tlog
E:\硕士研究论文文献\动态三维测量\3\3\3\Debug\link.7476-cvtres.write.1.tlog
E:\硕士研究论文文献\动态三维测量\3\3\3\Debug\link.7536.read.1.tlog
E:\硕士研究论文文献\动态三维测量\3\3\3\Debug\link.7536.write.1.tlog
E:\硕士研究论文文献\动态三维测量\3\3\3\Debug\link.7536-cvtres.read.1.tlog
E:\硕士研究论文文献\动态三维测量\3\3\3\Debug\link.7536-cvtres.write.1.tlog
E:\硕士研究论文文献\动态三维测量\3\3\3\Debug\link.7676.read.1.tlog
E:\硕士研究论文文献\动态三维测量\3\3\3\Debug\link.7676.write.1.tlog
E:\硕士研究论文文献\动态三维测量\3\3\3\Debug\link.7676-cvtres.read.1.tlog
E:\硕士研究论文文献\动态三维测量\3\3\3\Debug\link.7676-cvtres.write.1.tlog
E:\硕士研究论文文献\动态三维测量\3\3\3\Debug\link.7700.read.1.tlog
E:\硕士研究论文文献\动态三维测量\3\3\3\Debug\link.7700.write.1.tlog
E:\硕士研究论文文献\动态三维测量\3\3\3\Debug\link.7700-cvtres.read.1.tlog
E:\硕士研究论文文献\动态三维测量\3\3\3\Debug\link.7700-cvtres.write.1.tlog
E:\硕士研究论文文献\动态三维测量\3\3\3\Debug\link.7908.read.1.tlog
E:\硕士研究论文文献\动态三维测量\3\3\3\Debug\link.7908.write.1.tlog
E:\硕士研究论文文献\动态三维测量\3\3\3\Debug\link.7908-cvtres.read.1.tlog
E:\硕士研究论文文献\动态三维测量\3\3\3\Debug\link.7908-cvtres.write.1.tlog
E:\硕士研究论文文献\动态三维测量\3\3\3\Debug\link.7924.read.1.tlog
E:\硕士研究论文文献\动态三维测量\3\3\3\Debug\link.7924.write.1.tlog
E:\硕士研究论文文献\动态三维测量\3\3\3\Debug\link.7924-cvtres.read.1.tlog
E:\硕士研究论文文献\动态三维测量\3\3\3\Debug\link.7924-cvtres.write.1.tlog
E:\硕士研究论文文献\动态三维测量\3\3\3\Debug\link.7968.read.1.tlog
E:\硕士研究论文文献\动态三维测量\3\3\3\Debug\link.7968.write.1.tlog
E:\硕士研究论文文献\动态三维测量\3\3\3\Debug\link.7968-cvtres.read.1.tlog
E:\硕士研究论文文献\动态三维测量\3\3\3\Debug\link.7968-cvtres.write.1.tlog
E:\硕士研究论文文献\动态三维测量\3\3\3\Debug\link.8672.read.1.tlog
E:\硕士研究论文文献\动态三维测量\3\3\3\Debug\link.8672.write.1.tlog
E:\硕士研究论文文献\动态三维测量\3\3\3\Debug\link.8672-cvtres.read.1.tlog
E:\硕士研究论文文献\动态三维测量\3\3\3\Debug\link.8672-cvtres.write.1.tlog
E:\硕士研究论文文献\动态三维测量\3\3\3\Debug\link.8680.read.1.tlog
E:\硕士研究论文文献\动态三维测量\3\3\3\Debug\link.8680.write.1.tlog
E:\硕士研究论文文献\动态三维测量\3\3\3\Debug\link.8680-cvtres.read.1.tlog
E:\硕士研究论文文献\动态三维测量\3\3\3\Debug\link.8680-cvtres.write.1.tlog
E:\硕士研究论文文献\动态三维测量\3\3\3\Debug\link.8708.read.1.tlog
E:\硕士研究论文文献\动态三维测量\3\3\3\Debug\link.8708.write.1.tlog
E:\硕士研究论文文献\动态三维测量\3\3\3\Debug\link.8708-cvtres.read.1.tlog
E:\硕士研究论文文献\动态三维测量\3\3\3\Debug\link.8708-cvtres.write.1.tlog
E:\硕士研究论文文献\动态三维测量\3\3\3\Debug\link.8724.read.1.tlog
E:\硕士研究论文文献\动态三维测量\3\3\3\Debug\link.8724.write.1.tlog
E:\硕士研究论文文献\动态三维测量\3\3\3\Debug\link.8724-cvtres.read.1.tlog
E:\硕士研究论文文献\动态三维测量\3\3\3\Debug\link.8724-cvtres.write.1.tlog
E:\硕士研究论文文献\动态三维测量\3\3\3\Debug\link.8880.read.1.tlog
E:\硕士研究论文文献\动态三维测量\3\3\3\Debug\link.8880.write.1.tlog
E:\硕士研究论文文献\动态三维测量\3\3\3\Debug\link.8880-cvtres.read.1.tlog
E:\硕士研究论文文献\动态三维测量\3\3\3\Debug\link.8880-cvtres.write.1.tlog
E:\硕士研究论文文献\动态三维测量\3\3\3\Debug\link.9464.read.1.tlog
E:\硕士研究论文文献\动态三维测量\3\3\3\Debug\link.9464.write.1.tlog
E:\硕士研究论文文献\动态三维测量\3\3\3\Debug\link.9464-cvtres.read.1.tlog
E:\硕士研究论文文献\动态三维测量\3\3\3\Debug\link.9464-cvtres.write.1.tlog
E:\硕士研究论文文献\动态三维测量\3\3\3\Debug\link.9644.read.1.tlog
E:\硕士研究论文文献\动态三维测量\3\3\3\Debug\link.9644.write.1.tlog
E:\硕士研究论文文献\动态三维测量\3\3\3\Debug\link.9644-cvtres.read.1.tlog
E:\硕士研究论文文献\动态三维测量\3\3\3\Debug\link.9644-cvtres.write.1.tlog
E:\硕士研究论文文献\动态三维测量\3\3\3\Debug\link.9728.read.1.tlog
E:\硕士研究论文文献\动态三维测量\3\3\3\Debug\link.9728.write.1.tlog
E:\硕士研究论文文献\动态三维测量\3\3\3\Debug\link.9728-cvtres.read.1.tlog
E:\硕士研究论文文献\动态三维测量\3\3\3\Debug\link.9728-cvtres.write.1.tlog
E:\硕士研究论文文献\动态三维测量\3\3\3\Debug\link.9736.read.1.tlog
E:\硕士研究论文文献\动态三维测量\3\3\3\Debug\link.9736.write.1.tlog
E:\硕士研究论文文献\动态三维测量\3\3\3\Debug\link.9736-cvtres.read.1.tlog
E:\硕士研究论文文献\动态三维测量\3\3\3\Debug\link.9736-cvtres.write.1.tlog
E:\硕士研究论文文献\动态三维测量\3\3\3\Debug\link.command.1.tlog
E:\硕士研究论文文献\动态三维测量\3\3\3\Debug\link.read.1.tlog
E:\硕士研究论文文献\动态三维测量\3\3\3\Debug\link.write.1.tlog
E:\硕士研究论文文献\动态三维测量\3\3\3\Debug\link-cvtres.read.1.tlog
E:\硕士研究论文文献\动态三维测量\3\3\3\Debug\link-cvtres.write.1.tlog
E:\硕士研究论文文献\动态三维测量\3\3\3\DEBUG\MAIN.OBJ
E:\硕士研究论文文献\动态三维测量\3\3\3\Debug\mt.command.1.tlog
E:\硕士研究论文文献\动态三维测量\3\3\3\Debug\mt.read.1.tlog
E:\硕士研究论文文献\动态三维测量\3\3\3\Debug\mt.write.1.tlog
E:\硕士研究论文文献\动态三维测量\3\3\3\Debug\rc.command.1.tlog
E:\硕士研究论文文献\动态三维测量\3\3\3\Debug\rc.read.1.tlog
E:\硕士研究论文文献\动态三维测量\3\3\3\Debug\rc.write.1.tlog
E:\硕士研究论文文献\动态三维测量\3\3\3\Debug\vc100.idb
E:\硕士研究论文文献\动态三维测量\3\3\3\DEBUG\VC100.PDB
E:\硕士研究论文文献\动态三维测量\3\3\DEBUG\3.EXE
E:\硕士研究论文文献\动态三维测量\3\3\DEBUG\3.ILK
E:\硕士研究论文文献\动态三维测量\3\3\DEBUG\3.PDB
